2024-03-28 16:58:19,845 c.r.a.AdvJavaAssignmentApplication - Starting AdvJavaAssignmentApplication using Java 21.0.2 with PID 386812 (/home/surajg/Downloads/advanced-java-surajg_1/target/classes started by surajg in /home/surajg/Downloads/advanced-java-surajg_1)
2024-03-28 16:58:19,847 c.r.a.AdvJavaAssignmentApplication - Running with Spring Boot v3.2.3, Spring v6.1.4
2024-03-28 16:58:19,847 c.r.a.AdvJavaAssignmentApplication - No active profile set, falling back to 1 default profile: "default"
2024-03-28 16:58:20,472 o.s.d.r.c.RepositoryConfigurationDelegate - Multiple Spring Data modules found, entering strict repository configuration mode
2024-03-28 16:58:20,473 o.s.d.r.c.RepositoryConfigurationDelegate - Bootstrapping Spring Data JPA repositories in DEFAULT mode.
2024-03-28 16:58:20,600 o.s.d.r.c.RepositoryConfigurationDelegate - Finished Spring Data repository scanning in 120 ms. Found 4 JPA repository interfaces.
2024-03-28 16:58:20,619 o.s.d.r.c.RepositoryConfigurationDelegate - Multiple Spring Data modules found, entering strict repository configuration mode
2024-03-28 16:58:20,620 o.s.d.r.c.RepositoryConfigurationDelegate - Bootstrapping Spring Data Redis repositories in DEFAULT mode.
2024-03-28 16:58:20,633 o.s.d.r.c.RepositoryConfigurationExtensionSupport - Spring Data Redis - Could not safely identify store assignment for repository candidate interface com.remiges.adv_java_assignment.repo.DeptRepo; If you want this repository to be a Redis repository, consider annotating your entities with one of these annotations: org.springframework.data.redis.core.RedisHash (preferred), or consider extending one of the following types with your repository: org.springframework.data.keyvalue.repository.KeyValueRepository
2024-03-28 16:58:20,633 o.s.d.r.c.RepositoryConfigurationExtensionSupport - Spring Data Redis - Could not safely identify store assignment for repository candidate interface com.remiges.adv_java_assignment.repo.EmployeeRepository; If you want this repository to be a Redis repository, consider annotating your entities with one of these annotations: org.springframework.data.redis.core.RedisHash (preferred), or consider extending one of the following types with your repository: org.springframework.data.keyvalue.repository.KeyValueRepository
2024-03-28 16:58:20,633 o.s.d.r.c.RepositoryConfigurationExtensionSupport - Spring Data Redis - Could not safely identify store assignment for repository candidate interface com.remiges.adv_java_assignment.repo.EmployeeShadowRepository; If you want this repository to be a Redis repository, consider annotating your entities with one of these annotations: org.springframework.data.redis.core.RedisHash (preferred), or consider extending one of the following types with your repository: org.springframework.data.keyvalue.repository.KeyValueRepository
2024-03-28 16:58:20,633 o.s.d.r.c.RepositoryConfigurationExtensionSupport - Spring Data Redis - Could not safely identify store assignment for repository candidate interface com.remiges.adv_java_assignment.repo.RankRepo; If you want this repository to be a Redis repository, consider annotating your entities with one of these annotations: org.springframework.data.redis.core.RedisHash (preferred), or consider extending one of the following types with your repository: org.springframework.data.keyvalue.repository.KeyValueRepository
2024-03-28 16:58:20,634 o.s.d.r.c.RepositoryConfigurationDelegate - Finished Spring Data repository scanning in 6 ms. Found 0 Redis repository interfaces.
2024-03-28 16:58:21,234 o.s.b.w.e.tomcat.TomcatWebServer - Tomcat initialized with port 8080 (http)
2024-03-28 16:58:21,242 o.a.coyote.http11.Http11NioProtocol - Initializing ProtocolHandler ["http-nio-8080"]
2024-03-28 16:58:21,244 o.a.catalina.core.StandardService - Starting service [Tomcat]
2024-03-28 16:58:21,244 o.a.catalina.core.StandardEngine - Starting Servlet engine: [Apache Tomcat/10.1.19]
2024-03-28 16:58:21,289 o.a.c.c.C.[Tomcat].[localhost].[/] - Initializing Spring embedded WebApplicationContext
2024-03-28 16:58:21,290 o.s.b.w.s.c.ServletWebServerApplicationContext - Root WebApplicationContext: initialization completed in 1413 ms
2024-03-28 16:58:21,455 c.r.a.s.JwtAuthenticationFilter - Filter 'jwtAuthenticationFilter' configured for use
2024-03-28 16:58:21,568 o.h.jpa.internal.util.LogHelper - HHH000204: Processing PersistenceUnitInfo [name: default]
2024-03-28 16:58:21,620 org.hibernate.Version - HHH000412: Hibernate ORM core version 6.4.4.Final
2024-03-28 16:58:21,645 o.h.c.i.RegionFactoryInitiator - HHH000026: Second-level cache disabled
2024-03-28 16:58:21,840 o.s.o.j.p.SpringPersistenceUnitInfo - No LoadTimeWeaver setup: ignoring JPA class transformer
2024-03-28 16:58:21,868 com.zaxxer.hikari.HikariDataSource - HikariPool-1 - Starting...
2024-03-28 16:58:22,203 com.zaxxer.hikari.pool.HikariPool - HikariPool-1 - Added connection org.postgresql.jdbc.PgConnection@63c4d16
2024-03-28 16:58:22,204 com.zaxxer.hikari.HikariDataSource - HikariPool-1 - Start completed.
2024-03-28 16:58:22,234 org.hibernate.orm.deprecation - HHH90000025: PostgreSQLDialect does not need to be specified explicitly using 'hibernate.dialect' (remove the property setting and it will be selected by default)
2024-03-28 16:58:22,977 o.h.e.t.j.p.i.JtaPlatformInitiator - HHH000489: No JTA platform available (set 'hibernate.transaction.jta.platform' to enable JTA platform integration)
2024-03-28 16:58:23,046 o.s.o.j.LocalContainerEntityManagerFactoryBean - Initialized JPA EntityManagerFactory for persistence unit 'default'
2024-03-28 16:58:23,431 o.s.d.j.r.query.QueryEnhancerFactory - Hibernate is in classpath; If applicable, HQL parser will be used.
2024-03-28 16:58:23,554 o.s.b.w.s.c.AnnotationConfigServletWebServerApplicationContext - Exception encountered during context initialization - cancelling refresh attempt: org.springframework.beans.factory.UnsatisfiedDependencyException: Error creating bean with name 'employeeController': Unsatisfied dependency expressed through field 'employeeService': Error creating bean with name 'employeeService': Unsatisfied dependency expressed through field 'redisTemplate': No qualifying bean of type 'org.springframework.data.redis.core.RedisTemplate<java.lang.String, java.lang.Integer>' available: expected at least 1 bean which qualifies as autowire candidate. Dependency annotations: {@org.springframework.beans.factory.annotation.Autowired(required=true)}
2024-03-28 16:58:23,555 o.s.o.j.LocalContainerEntityManagerFactoryBean - Closing JPA EntityManagerFactory for persistence unit 'default'
2024-03-28 16:58:23,556 com.zaxxer.hikari.HikariDataSource - HikariPool-1 - Shutdown initiated...
2024-03-28 16:58:23,566 com.zaxxer.hikari.HikariDataSource - HikariPool-1 - Shutdown completed.
2024-03-28 16:58:23,568 o.a.catalina.core.StandardService - Stopping service [Tomcat]
2024-03-28 16:58:23,578 o.s.b.a.l.ConditionEvaluationReportLogger - 

Error starting ApplicationContext. To display the condition evaluation report re-run your application with 'debug' enabled.
2024-03-28 16:58:23,594 o.s.b.d.LoggingFailureAnalysisReporter - 

***************************
APPLICATION FAILED TO START
***************************

Description:

Field redisTemplate in com.remiges.adv_java_assignment.service.EmployeeService required a bean of type 'org.springframework.data.redis.core.RedisTemplate' that could not be found.

The injection point has the following annotations:
	- @org.springframework.beans.factory.annotation.Autowired(required=true)


Action:

Consider defining a bean of type 'org.springframework.data.redis.core.RedisTemplate' in your configuration.

